<?xml version="1.0" encoding="UTF-8"?>
<!-- Generated by org.testng.reporters.JUnitXMLReporter -->
<testsuite hostname="DESKTOP-UGTURIK" ignored="0" name="Default test" tests="3" failures="0" timestamp="11 Mar 2021 09:37:38 GMT" time="20.294" errors="0">
  <testcase name="verifyProductInfoTest_MacBook" time="5.217" classname="com.qa.WordPress.tests.ProductInfoPageTest"/>
  <testcase name="verifyProductInfoTest_iMac" time="4.617" classname="com.qa.WordPress.tests.ProductInfoPageTest"/>
  <testcase name="productInfoPageTitleTest" time="0.033" classname="com.qa.WordPress.tests.ProductInfoPageTest"/>
</testsuite> <!-- Default test -->
