<?xml version="1.0" encoding="UTF-8"?>
<!-- Generated by org.testng.reporters.JUnitXMLReporter -->
<testsuite hostname="DESKTOP-UGTURIK" ignored="0" name="AccountPage Test" tests="5" failures="0" timestamp="05 Apr 2021 00:18:12 GMT" time="23.927" errors="0">
  <testcase name="homePageTitleTest" time="0.028" classname="com.qa.WordPress.tests.AccountPageTest"/>
  <testcase name="verifyAccountPageHeaderTest" time="1.377" classname="com.qa.WordPress.tests.AccountPageTest"/>
  <testcase name="verifyAccountHeadersSize" time="0.032" classname="com.qa.WordPress.tests.AccountPageTest"/>
  <testcase name="VerifyAccountPageHeaders" time="0.109" classname="com.qa.WordPress.tests.AccountPageTest"/>
  <testcase name="verifySearch" time="2.618" classname="com.qa.WordPress.tests.AccountPageTest"/>
</testsuite> <!-- AccountPage Test -->
