<?xml version="1.0" encoding="UTF-8"?>
<!-- Generated by org.testng.reporters.JUnitXMLReporter -->
<testsuite hostname="DESKTOP-UGTURIK" ignored="0" name="LoginPage Test" tests="3" failures="0" timestamp="05 Apr 2021 00:59:52 GMT" time="15.265" errors="0">
  <testcase name="verifyLoginPageTest" time="0.349" classname="com.qa.WordPress.tests.LoginPageTest"/>
  <testcase name="verifyForgotPwdLink" time="1.922" classname="com.qa.WordPress.tests.LoginPageTest"/>
  <testcase name="loginTest" time="3.925" classname="com.qa.WordPress.tests.LoginPageTest"/>
</testsuite> <!-- LoginPage Test -->
