<?xml version="1.0" encoding="UTF-8"?>
<!-- Generated by org.testng.reporters.JUnitXMLReporter -->
<testsuite hostname="DESKTOP-UGTURIK" ignored="0" name="ProductInfoPage Test" tests="3" failures="0" timestamp="05 Apr 2021 01:00:20 GMT" time="22.121" errors="0">
  <testcase name="verifyProductInfoTest_MacBook" time="6.674" classname="com.qa.WordPress.tests.ProductInfoPageTest"/>
  <testcase name="verifyProductInfoTest_iMac" time="4.828" classname="com.qa.WordPress.tests.ProductInfoPageTest"/>
  <testcase name="productInfoPageTitleTest" time="0.016" classname="com.qa.WordPress.tests.ProductInfoPageTest"/>
</testsuite> <!-- ProductInfoPage Test -->
