<?xml version="1.0" encoding="UTF-8"?>
<!-- Generated by org.testng.reporters.JUnitXMLReporter -->
<testsuite hostname="DESKTOP-UGTURIK" ignored="0" name="ProductInfoPage Test" tests="3" failures="0" timestamp="11 Mar 2021 09:42:41 GMT" time="18.751" errors="0">
  <testcase name="verifyProductInfoTest_MacBook" time="5.193" classname="com.qa.WordPress.tests.ProductInfoPageTest"/>
  <testcase name="verifyProductInfoTest_iMac" time="5.012" classname="com.qa.WordPress.tests.ProductInfoPageTest"/>
  <testcase name="productInfoPageTitleTest" time="0.034" classname="com.qa.WordPress.tests.ProductInfoPageTest"/>
</testsuite> <!-- ProductInfoPage Test -->
