<?xml version="1.0" encoding="UTF-8"?>
<testng-results skipped="0" failed="0" ignored="0" total="11" passed="11">
  <reporter-output>
  </reporter-output>
  <suite name="OpenCart TestNG Suite" duration-ms="43010" started-at="2021-04-05T00:59:37Z" finished-at="2021-04-05T01:00:20Z">
    <groups>
    </groups>
    <test name="LoginPage Test" duration-ms="15265" started-at="2021-04-05T00:59:37Z" finished-at="2021-04-05T00:59:52Z">
      <class name="com.qa.WordPress.tests.LoginPageTest">
        <test-method status="PASS" signature="setup()[pri:0, instance:com.qa.WordPress.tests.LoginPageTest@6c40365c]" name="setup" is-config="true" duration-ms="9006" started-at="2021-04-05T00:59:37Z" finished-at="2021-04-05T00:59:46Z">
          <reporter-output>
          </reporter-output>
        </test-method> <!-- setup -->
        <test-method status="PASS" signature="verifyLoginPageTest()[pri:1, instance:com.qa.WordPress.tests.LoginPageTest@6c40365c]" name="verifyLoginPageTest" duration-ms="349" started-at="2021-04-05T00:59:46Z" finished-at="2021-04-05T00:59:46Z">
          <reporter-output>
          </reporter-output>
        </test-method> <!-- verifyLoginPageTest -->
        <test-method status="PASS" signature="verifyForgotPwdLink()[pri:2, instance:com.qa.WordPress.tests.LoginPageTest@6c40365c]" name="verifyForgotPwdLink" duration-ms="1922" started-at="2021-04-05T00:59:46Z" finished-at="2021-04-05T00:59:48Z">
          <reporter-output>
          </reporter-output>
        </test-method> <!-- verifyForgotPwdLink -->
        <test-method status="PASS" signature="loginTest()[pri:3, instance:com.qa.WordPress.tests.LoginPageTest@6c40365c]" name="loginTest" duration-ms="3925" started-at="2021-04-05T00:59:48Z" finished-at="2021-04-05T00:59:52Z">
          <reporter-output>
          </reporter-output>
        </test-method> <!-- loginTest -->
        <test-method status="PASS" signature="tearDown()[pri:0, instance:com.qa.WordPress.tests.LoginPageTest@6c40365c]" name="tearDown" is-config="true" duration-ms="0" started-at="2021-04-05T00:59:52Z" finished-at="2021-04-05T00:59:52Z">
          <reporter-output>
          </reporter-output>
        </test-method> <!-- tearDown -->
      </class> <!-- com.qa.WordPress.tests.LoginPageTest -->
    </test> <!-- LoginPage Test -->
    <test name="AccountPage Test" duration-ms="19239" started-at="2021-04-05T00:59:37Z" finished-at="2021-04-05T00:59:56Z">
      <class name="com.qa.WordPress.tests.AccountPageTest">
        <test-method status="PASS" signature="setup()[pri:0, instance:com.qa.WordPress.tests.AccountPageTest@65d09a04]" name="setup" is-config="true" duration-ms="10927" started-at="2021-04-05T00:59:37Z" finished-at="2021-04-05T00:59:47Z">
          <reporter-output>
          </reporter-output>
        </test-method> <!-- setup -->
        <test-method status="PASS" signature="AccountPageSetup()[pri:0, instance:com.qa.WordPress.tests.AccountPageTest@65d09a04]" name="AccountPageSetup" is-config="true" duration-ms="4314" started-at="2021-04-05T00:59:47Z" finished-at="2021-04-05T00:59:52Z">
          <reporter-output>
          </reporter-output>
        </test-method> <!-- AccountPageSetup -->
        <test-method status="PASS" signature="homePageTitleTest()[pri:1, instance:com.qa.WordPress.tests.AccountPageTest@65d09a04]" name="homePageTitleTest" duration-ms="24" started-at="2021-04-05T00:59:52Z" finished-at="2021-04-05T00:59:52Z">
          <reporter-output>
          </reporter-output>
        </test-method> <!-- homePageTitleTest -->
        <test-method status="PASS" signature="verifyAccountPageHeaderTest()[pri:2, instance:com.qa.WordPress.tests.AccountPageTest@65d09a04]" name="verifyAccountPageHeaderTest" duration-ms="1303" started-at="2021-04-05T00:59:52Z" finished-at="2021-04-05T00:59:53Z">
          <reporter-output>
          </reporter-output>
        </test-method> <!-- verifyAccountPageHeaderTest -->
        <test-method status="PASS" signature="verifyAccountHeadersSize()[pri:3, instance:com.qa.WordPress.tests.AccountPageTest@65d09a04]" name="verifyAccountHeadersSize" duration-ms="48" started-at="2021-04-05T00:59:53Z" finished-at="2021-04-05T00:59:53Z">
          <reporter-output>
          </reporter-output>
        </test-method> <!-- verifyAccountHeadersSize -->
        <test-method status="PASS" signature="VerifyAccountPageHeaders()[pri:4, instance:com.qa.WordPress.tests.AccountPageTest@65d09a04]" name="VerifyAccountPageHeaders" duration-ms="66" started-at="2021-04-05T00:59:53Z" finished-at="2021-04-05T00:59:53Z">
          <reporter-output>
          </reporter-output>
        </test-method> <!-- VerifyAccountPageHeaders -->
        <test-method status="PASS" signature="verifySearch()[pri:5, instance:com.qa.WordPress.tests.AccountPageTest@65d09a04]" name="verifySearch" duration-ms="2527" started-at="2021-04-05T00:59:53Z" finished-at="2021-04-05T00:59:56Z">
          <reporter-output>
          </reporter-output>
        </test-method> <!-- verifySearch -->
        <test-method status="PASS" signature="tearDown()[pri:0, instance:com.qa.WordPress.tests.AccountPageTest@65d09a04]" name="tearDown" is-config="true" duration-ms="0" started-at="2021-04-05T00:59:56Z" finished-at="2021-04-05T00:59:56Z">
          <reporter-output>
          </reporter-output>
        </test-method> <!-- tearDown -->
      </class> <!-- com.qa.WordPress.tests.AccountPageTest -->
    </test> <!-- AccountPage Test -->
    <test name="ProductInfoPage Test" duration-ms="22121" started-at="2021-04-05T00:59:57Z" finished-at="2021-04-05T01:00:20Z">
      <class name="com.qa.WordPress.tests.ProductInfoPageTest">
        <test-method status="PASS" signature="setup()[pri:0, instance:com.qa.WordPress.tests.ProductInfoPageTest@291caca8]" name="setup" is-config="true" duration-ms="7063" started-at="2021-04-05T00:59:58Z" finished-at="2021-04-05T01:00:05Z">
          <reporter-output>
          </reporter-output>
        </test-method> <!-- setup -->
        <test-method status="PASS" signature="productInfoPagesetup()[pri:0, instance:com.qa.WordPress.tests.ProductInfoPageTest@291caca8]" name="productInfoPagesetup" is-config="true" duration-ms="3430" started-at="2021-04-05T01:00:05Z" finished-at="2021-04-05T01:00:08Z">
          <reporter-output>
          </reporter-output>
        </test-method> <!-- productInfoPagesetup -->
        <test-method status="PASS" signature="verifyProductInfoTest_MacBook()[pri:1, instance:com.qa.WordPress.tests.ProductInfoPageTest@291caca8]" name="verifyProductInfoTest_MacBook" duration-ms="6674" started-at="2021-04-05T01:00:08Z" finished-at="2021-04-05T01:00:15Z">
          <reporter-output>
          </reporter-output>
        </test-method> <!-- verifyProductInfoTest_MacBook -->
        <test-method status="PASS" signature="verifyProductInfoTest_iMac()[pri:2, instance:com.qa.WordPress.tests.ProductInfoPageTest@291caca8]" name="verifyProductInfoTest_iMac" duration-ms="4828" started-at="2021-04-05T01:00:15Z" finished-at="2021-04-05T01:00:20Z">
          <reporter-output>
          </reporter-output>
        </test-method> <!-- verifyProductInfoTest_iMac -->
        <test-method status="PASS" signature="productInfoPageTitleTest()[pri:3, instance:com.qa.WordPress.tests.ProductInfoPageTest@291caca8]" name="productInfoPageTitleTest" duration-ms="16" started-at="2021-04-05T01:00:20Z" finished-at="2021-04-05T01:00:20Z">
          <reporter-output>
          </reporter-output>
        </test-method> <!-- productInfoPageTitleTest -->
        <test-method status="PASS" signature="tearDown()[pri:0, instance:com.qa.WordPress.tests.ProductInfoPageTest@291caca8]" name="tearDown" is-config="true" duration-ms="1" started-at="2021-04-05T01:00:20Z" finished-at="2021-04-05T01:00:20Z">
          <reporter-output>
          </reporter-output>
        </test-method> <!-- tearDown -->
      </class> <!-- com.qa.WordPress.tests.ProductInfoPageTest -->
    </test> <!-- ProductInfoPage Test -->
  </suite> <!-- OpenCart TestNG Suite -->
</testng-results>
